[07:31:01] [ServerMain/INFO]: Environment: authHost='https://authserver.mojang.com', accountsHost='https://api.mojang.com', sessionHost='https://sessionserver.mojang.com', servicesHost='https://api.minecraftservices.com', name='PROD'
[07:31:08] [ServerMain/INFO]: Reloading ResourceManager: Default, bukkit
[07:31:11] [Worker-Main-4/INFO]: Loaded 7 recipes
[07:31:40] [Server thread/INFO]: Starting minecraft server version 1.18.1
[07:31:40] [Server thread/INFO]: Loading properties
[07:31:59] [Server thread/INFO]: This server is running CraftBukkit version 3419-Spigot-862678e-c26a7b5 (MC: 1.18.1) (Implementing API version 1.18.1-R0.1-SNAPSHOT)
[07:32:01] [Server thread/INFO]: Debug logging is disabled
[07:32:01] [Server thread/INFO]: Server Ping Player Sample Count: 12
[07:32:01] [Server thread/INFO]: Using 4 threads for Netty based IO
[07:32:01] [Server thread/INFO]: Default game type: SURVIVAL
[07:32:01] [Server thread/INFO]: Generating keypair
[07:32:04] [Server thread/INFO]: Starting Minecraft server on 192.168.1.135:25565
[07:32:09] [Server thread/INFO]: Using epoll channel type
[07:32:11] [Server thread/WARN]: **** FAILED TO BIND TO PORT!
[07:32:11] [Server thread/WARN]: The exception was: io.netty.channel.unix.Errors$NativeIoException: bind(..) failed: Address already in use
[07:32:11] [Server thread/WARN]: Perhaps a server is already running on that port?
[07:32:11] [Server thread/INFO]: Stopping server
[07:32:11] [Server thread/INFO]: Saving players
[07:32:11] [Server thread/INFO]: Saving worlds
[07:32:11] [Server thread/INFO]: ThreadedAnvilChunkStorage: All dimensions are saved
